CRITICAL - 2024-12-21 02:40:08 --> ArgumentCountError: Too few arguments to function App\Controllers\ProductController::updateProduct(), 1 passed in C:\Users\Hp\Desktop\codeigniter4-framework-2849e7f\system\CodeIgniter.php on line 933 and exactly 2 expected
[Method: POST, Route: products/update/2]
in APPPATH\Controllers\ProductController.php on line 113.
 1 SYSTEMPATH\CodeIgniter.php(933): App\Controllers\ProductController->updateProduct('2')
 2 SYSTEMPATH\CodeIgniter.php(509): CodeIgniter\CodeIgniter->runController(Object(App\Controllers\ProductController))
 3 SYSTEMPATH\CodeIgniter.php(355): CodeIgniter\CodeIgniter->handleRequest(null, Object(Config\Cache), false)
 4 SYSTEMPATH\Boot.php(325): CodeIgniter\CodeIgniter->run()
 5 SYSTEMPATH\Boot.php(67): CodeIgniter\Boot::runCodeIgniter(Object(CodeIgniter\CodeIgniter))
 6 FCPATH\index.php(56): CodeIgniter\Boot::bootWeb(Object(Config\Paths))
 7 SYSTEMPATH\rewrite.php(44): require_once('C:\\Users\\Hp\\Desktop\\codeigniter4-framework-2849e7f\\public\\index.php')
CRITICAL - 2024-12-21 02:42:48 --> Error: Class "App\Controllers\Database" not found
[Method: POST, Route: products/update/2]
in APPPATH\Controllers\ProductController.php on line 114.
 1 SYSTEMPATH\CodeIgniter.php(933): App\Controllers\ProductController->updateProduct('2')
 2 SYSTEMPATH\CodeIgniter.php(509): CodeIgniter\CodeIgniter->runController(Object(App\Controllers\ProductController))
 3 SYSTEMPATH\CodeIgniter.php(355): CodeIgniter\CodeIgniter->handleRequest(null, Object(Config\Cache), false)
 4 SYSTEMPATH\Boot.php(325): CodeIgniter\CodeIgniter->run()
 5 SYSTEMPATH\Boot.php(67): CodeIgniter\Boot::runCodeIgniter(Object(CodeIgniter\CodeIgniter))
 6 FCPATH\index.php(56): CodeIgniter\Boot::bootWeb(Object(Config\Paths))
 7 SYSTEMPATH\rewrite.php(44): require_once('C:\\Users\\Hp\\Desktop\\codeigniter4-framework-2849e7f\\public\\index.php')
